<?xml version="1.0" encoding="UTF-8"?>
<!-- Generated by org.testng.reporters.JUnitXMLReporter -->
<testsuite ignored="0" hostname="shazia" failures="0" tests="6" name="Test" time="0.156" errors="0" timestamp="2022-10-22T13:11:56 CDT">
  <testcase classname="grouping.GROUP_LEVEL" name="tc" time="0.019"/>
  <testcase classname="grouping.GROUP_LEVEL" name="tc1" time="0.002"/>
  <testcase classname="grouping.GROUP_LEVEL" name="tc2" time="0.003"/>
  <testcase classname="grouping.GROUP_LEVEL" name="tc3" time="0.003"/>
  <testcase classname="grouping.GROUP_LEVEL" name="tc4" time="0.004"/>
  <testcase classname="grouping.GROUP_LEVEL" name="tc5" time="0.003"/>
</testsuite> <!-- Test -->
